Сборка начата 17.02.2022 23:00:54.
Окружение на момент начала сборки:
ALLUSERSPROFILE = C:\ProgramData
APPDATA = C:\Users\Nikaa\AppData\Roaming
CommonProgramFiles = C:\Program Files (x86)\Common Files
CommonProgramFiles(x86) = C:\Program Files (x86)\Common Files
CommonProgramW6432 = C:\Program Files\Common Files
COMPUTERNAME = FORMULA-73
ComSpec = C:\Windows\system32\cmd.exe
DriverData = C:\Windows\System32\Drivers\DriverData
ForceIdentityAuthenticationType = Embedded
FPS_BROWSER_APP_PROFILE_STRING = Internet Explorer
FPS_BROWSER_USER_PROFILE_STRING = Default
HOMEDRIVE = C:
HOMEPATH = \Users\Nikaa
JAVA_HOME = C:\Program Files\Java\jdk-17
KMP_DUPLICATE_LIB_OK = TRUE
LOCALAPPDATA = C:\Users\Nikaa\AppData\Local
LOGONSERVER = \\FORMULA-73
MKL_SERIAL = YES
MSBuildLoadMicrosoftTargetsReadOnly = true
NUMBER_OF_PROCESSORS = 4
OneDrive = C:\Users\Nikaa\OneDrive
OneDriveConsumer = C:\Users\Nikaa\OneDrive
OS = Windows_NT
Path = C:\Users\Nikaa\gcc\bin;C:\Users\Nikaa\gcc\libexec\gcc\x86_64-w64-mingw32\11.1.0;C:\Program Files\Common Files\Oracle\Java\javapath;C:\Windows\system32;C:\Windows;C:\Windows\System32\Wbem;C:\Windows\System32\WindowsPowerShell\v1.0\;C:\Windows\System32\OpenSSH\;C:\Program Files (x86)\dotnet\;C:\Program Files\dotnet\;C:\Program Files\Microsoft SQL Server\130\Tools\Binn\;C:\Program Files\Microsoft SQL Server\Client SDK\ODBC\170\Tools\Binn\;C:\Users\Nikaa\AppData\Local\Microsoft\WindowsApps;C:\Users\Nikaa\AppData\Local\Programs\Microsoft VS Code\bin;C:\Program Files\Java\jdk-17\bin;C:\texlive\2021\bin\win32;C:\Users\Nikaa\.dotnet\tools
PATHEXT = .COM;.EXE;.BAT;.CMD;.VBS;.VBE;.JS;.JSE;.WSF;.WSH;.MSC
PkgDefApplicationConfigFile = C:\Users\Nikaa\AppData\Local\Microsoft\VisualStudio\16.0_3e486058\devenv.exe.config
PROCESSOR_ARCHITECTURE = x86
PROCESSOR_ARCHITEW6432 = AMD64
PROCESSOR_IDENTIFIER = Intel64 Family 6 Model 92 Stepping 9, GenuineIntel
PROCESSOR_LEVEL = 6
PROCESSOR_REVISION = 5c09
ProgramData = C:\ProgramData
ProgramFiles = C:\Program Files (x86)
ProgramFiles(x86) = C:\Program Files (x86)
ProgramW6432 = C:\Program Files
PSModulePath = C:\Program Files\WindowsPowerShell\Modules;C:\Windows\system32\WindowsPowerShell\v1.0\Modules
PUBLIC = C:\Users\Public
ServiceHubLogSessionKey = A0B75644
SESSIONNAME = Console
SignInWithHomeTenantOnly = False
SystemDrive = C:
SystemRoot = C:\Windows
TEMP = C:\Users\Nikaa\AppData\Local\Temp
ThreadedWaitDialogDpiContext = -4
TMP = C:\Users\Nikaa\AppData\Local\Temp
USERDOMAIN = FORMULA-73
USERDOMAIN_ROAMINGPROFILE = FORMULA-73
USERNAME = Nikaa
USERPROFILE = C:\Users\Nikaa
VisualStudioDir = C:\Users\Nikaa\OneDrive\Документы\Visual Studio 2019
VisualStudioEdition = Microsoft Visual Studio Community 2019
VisualStudioVersion = 16.0
VSAPPIDDIR = C:\Program Files (x86)\Microsoft Visual Studio\2019\Community\Common7\IDE\
VSAPPIDNAME = devenv.exe
VSLANG = 1049
VSSKUEDITION = Community
windir = C:\Windows

Уровень детализации журнала: Normal.     1>Проект "C:\Users\Nikaa\OneDrive\Документы\Методы программирования\lab_1\test-queue\test-queue.vcxproj" в узле 2 (целевые объекты Build).
     1>InitializeBuildStatus:
         Обращение к "Debug\test-queue.tlog\unsuccessfulbuild".
       ClCompile:
         C:\Program Files (x86)\Microsoft Visual Studio\2019\Community\VC\Tools\MSVC\14.29.30133\bin\HostX86\x86\CL.exe /c /ZI /JMC /nologo /W3 /WX- /diagnostics:column /sdl /Od /Oy- /D WIN32 /D _DEBUG /D _CONSOLE /D _UNICODE /D UNICODE /Gm- /EHsc /RTC1 /MDd /GS /fp:precise /permissive- /Zc:wchar_t /Zc:forScope /Zc:inline /Fo"Debug\\" /Fd"Debug\vc142.pdb" /external:W3 /Gd /TP /analyze- /FC /errorReport:prompt "test-queue.cpp"
         test-queue.cpp
     1>C:\Users\Nikaa\OneDrive\Документы\Методы программирования\lab_1\test-queue\priority-queue.h(67,5): error C2018: неизвестный знак "0x40"
     1>C:\Users\Nikaa\OneDrive\Документы\Методы программирования\lab_1\test-queue\priority-queue.h(68,5): error C2144: синтаксическая ошибка: перед "void" требуется ";"
       C:\Users\Nikaa\OneDrive\Документы\Методы программирования\lab_1\test-queue\priority-queue.h(115): message : выполняется компиляция ссылки на экземпляр класс шаблон функции "Priority_queue<T>"
     1>C:\Users\Nikaa\OneDrive\Документы\Методы программирования\lab_1\test-queue\priority-queue.h(68,1): error C4430: отсутствует спецификатор типа - предполагается int. Примечание. C++ не поддерживает int по умолчанию
     1>C:\Users\Nikaa\OneDrive\Документы\Методы программирования\lab_1\test-queue\test-queue.cpp(21,15): warning C4244: аргумент: преобразование "time_t" в "unsigned int", возможна потеря данных
     1>Сборка проекта "C:\Users\Nikaa\OneDrive\Документы\Методы программирования\lab_1\test-queue\test-queue.vcxproj" завершена (целевые объекты Build) с ошибкой.

Итоги по проекту:
     2862 мс вызовов   1 C:\Users\Nikaa\OneDrive\Документы\Методы программирования\lab_1\test-queue\test-queue.vcxproj
               2862 мс вызовов   1 Build                                   

Итоги по целям:
        0 мс вызовов   1 BeforeBuildGenerateSources              
        0 мс вызовов   1 AfterBuildGenerateSourcesEvent          
        0 мс вызовов   1 AfterBuildGenerateSources               
        0 мс вызовов   1 _Midl                                   
        0 мс вызовов   1 AfterMidl                               
        0 мс вызовов   1 _Xsd                                    
        0 мс вызовов   1 BuildCompileTraverse                    
        0 мс вызовов   1 SelectCustomBuild                       
        0 мс вызовов   1 _SelectedFiles                          
        0 мс вызовов   1 SelectClCompile                         
        0 мс вызовов   1 BuildGenerateSourcesTraverse            
        0 мс вызовов   1 BeforeClCompile                         
        0 мс вызовов   1 AfterResolveReferences                  
        0 мс вызовов   1 _BuildGenerateSourcesAction             
        0 мс вызовов   1 ExpandSDKReferences                     
        0 мс вызовов   1 BuildGenerateSources                    
        0 мс вызовов   1 BeforeResolveReferences                 
        0 мс вызовов   1 GetReferencedVCProjectsInfo             
        0 мс вызовов   1 _AddOutputPathToGlobalPropertiesToRemove
        0 мс вызовов   1 FindReferenceAssembliesForReferences    
        0 мс вызовов   1 PrepareProjectReferences                
        1 мс вызовов   1 _SplitProjectReferencesByFileExistence  
        1 мс вызовов   1 ResolveSDKReferences                    
        1 мс вызовов   1 CopyFileToFolders                       
        1 мс вызовов   1 ComputeMIDLGeneratedCompileInputs       
        1 мс вызовов   1 SetCABuildNativeEnvironmentVariables    
        1 мс вызовов   1 GetReferenceAssemblyPaths               
        1 мс вызовов   1 GetResolvedWinMD                        
        1 мс вызовов   1 _PrepareForReferenceResolution          
        1 мс вызовов   1 ComputeReferenceCLInput                 
        1 мс вызовов   1 ResolveAssemblyReferences               
        1 мс вызовов   1 ComputeCLInputPDBName                   
        1 мс вызовов   1 ComputeCustomBuildOutput                
        1 мс вызовов   1 ResolveReferences                       
        1 мс вызовов   1 _CheckWindowsSDKInstalled               
        1 мс вызовов   1 SetBuildDefaultEnvironmentVariables     
        1 мс вызовов   1 AddExternalIncludDirectoriesToPaths     
        1 мс вызовов   1 PreBuildEvent                           
        1 мс вызовов   1 GetFrameworkPaths                       
        2 мс вызовов   1 _PrepareForBuild                        
        3 мс вызовов   1 MakeDirsForMidl                         
        4 мс вызовов   1 _GetProjectReferenceTargetFrameworkProperties
        5 мс вызовов   1 FixupCLCompileOptions                   
        5 мс вызовов   1 AssignProjectConfiguration              
        9 мс вызовов   1 WarnCompileDuplicatedFilename           
       13 мс вызовов   1 MakeDirsForCl                           
       16 мс вызовов   1 CustomBuild                             
       34 мс вызовов   1 InitializeBuildStatus                   
       37 мс вызовов   1 SetTelemetryEnvironmentVariables        
       38 мс вызовов   1 PrepareForBuild                         
       44 мс вызовов   1 _CheckForInvalidConfigurationAndPlatform
       48 мс вызовов   1 ResolveProjectReferences                
     2573 мс вызовов   1 ClCompile                               

Ошибка сборки.

       "C:\Users\Nikaa\OneDrive\Документы\Методы программирования\lab_1\test-queue\test-queue.vcxproj" (целевой объект Build ) (1) ->
       (Целевой объект ClCompile) -> 
         C:\Users\Nikaa\OneDrive\Документы\Методы программирования\lab_1\test-queue\test-queue.cpp(21,15): warning C4244: аргумент: преобразование "time_t" в "unsigned int", возможна потеря данных


       "C:\Users\Nikaa\OneDrive\Документы\Методы программирования\lab_1\test-queue\test-queue.vcxproj" (целевой объект Build ) (1) ->
       (Целевой объект ClCompile) -> 
         C:\Users\Nikaa\OneDrive\Документы\Методы программирования\lab_1\test-queue\priority-queue.h(67,5): error C2018: неизвестный знак "0x40"
         C:\Users\Nikaa\OneDrive\Документы\Методы программирования\lab_1\test-queue\priority-queue.h(68,5): error C2144: синтаксическая ошибка: перед "void" требуется ";"
         C:\Users\Nikaa\OneDrive\Документы\Методы программирования\lab_1\test-queue\priority-queue.h(68,1): error C4430: отсутствует спецификатор типа - предполагается int. Примечание. C++ не поддерживает int по умолчанию

    Предупреждений: 1
    Ошибок: 3

Прошло времени 00:00:02.85
